#
# A fatal error has been detected by the Java Runtime Environment:
#
#  EXCEPTION_ACCESS_VIOLATION (0xc0000005) at pc=0x00007ff99f0614fc, pid=20780, tid=20104
#
# JRE version: OpenJDK Runtime Environment (14.0.2+12) (build 14.0.2+12-46)
# Java VM: OpenJDK 64-Bit Server VM (14.0.2+12-46, mixed mode, tiered, compressed oops, g1 gc, windows-amd64)
# Problematic frame:
# C  [flatlaf-windows-x86_64-14918766152040183984.dll+0x14fc]
#
# No core dump will be written. Minidumps are not enabled by default on client versions of Windows
#
# If you would like to submit a bug report, please visit:
#   https://bugreport.java.com/bugreport/crash.jsp
# The crash happened outside the Java Virtual Machine in native code.
# See problematic frame for where to report the bug.
#

---------------  S U M M A R Y ------------

Command Line: -Dfile.encoding=Cp1252 --module-path=D:\FIMESEM6\Diseño y Especificacion de Sistemas\DB\DyES_1\bin;D:\FIMESEM6\Diseño y Especificacion de Sistemas\DB\DyES_1\libs\mysql-connector-java-8.0.13.jar;D:\FIMESEM6\Diseño y Especificacion de Sistemas\DB\DyES_1\libs\flatlaf-intellij-themes-1.1.2.jar;D:\FIMESEM6\Diseño y Especificacion de Sistemas\DB\DyES_1\libs\flatlaf-1.1.2.jar -XX:+ShowCodeDetailsInExceptionMessages -Djdk.module.main=DyES_1 DyES_1/Vistas.Pantalla_Inicio_Sesion

Host: Intel(R) Core(TM) i5-9400F CPU @ 2.90GHz, 6 cores, 15G,  Windows 10 , 64 bit Build 19041 (10.0.19041.928)
Time: Mon May 10 00:36:22 2021 Central Daylight Time (Mexico) elapsed time: 219 seconds (0d 0h 3m 39s)

---------------  T H R E A D  ---------------

Current thread (0x000002d0ab1be000):  JavaThread "AWT-Windows" daemon [_thread_in_native, id=20104, stack(0x000000dcd1000000,0x000000dcd1100000)]

Stack: [0x000000dcd1000000,0x000000dcd1100000],  sp=0x000000dcd10fedd0,  free space=1019k
Native frames: (J=compiled Java code, j=interpreted, Vv=VM code, C=native code)
C  [flatlaf-windows-x86_64-14918766152040183984.dll+0x14fc]

Java frames: (J=compiled Java code, j=interpreted, Vv=VM code)
j  sun.awt.windows.WToolkit.eventLoop()V+0 java.desktop@14.0.2
j  sun.awt.windows.WToolkit.run()V+50 java.desktop@14.0.2
j  java.lang.Thread.run()V+11 java.base@14.0.2
v  ~StubRoutines::call_stub

siginfo: EXCEPTION_ACCESS_VIOLATION (0xc0000005), reading address 0x0000000000000020


Register to memory mapping:

RIP=0x00007ff99f0614fc flatlaf-windows-x86_64-14918766152040183984.dll
RAX=0x000000000000975e is an unknown value
RBX=0x0 is NULL
RCX=0x0 is NULL
RDX=0x00000000000a0534 is an unknown value
RSP=0x000000dcd10fedd0 is pointing into the stack for thread: 0x000002d0ab1be000
RBP=0x00000000000a0534 is an unknown value
RSI=0x0 is NULL
RDI=0x0 is NULL
R8 =0x0000000000009803 is an unknown value
R9 =0x0 is NULL
R10=0x000002d0ae40f5a0 points into unknown readable memory: fe 0c 01 00 00 00 00 00
R11=0x0000000000000100 is an unknown value
R12=0x0 is NULL
R13=0x0000000000009803 is an unknown value
R14=0x00000000025901da is an unknown value
R15=0x0000000000009803 is an unknown value


Registers:
RAX=0x000000000000975e, RBX=0x0000000000000000, RCX=0x0000000000000000, RDX=0x00000000000a0534
RSP=0x000000dcd10fedd0, RBP=0x00000000000a0534, RSI=0x0000000000000000, RDI=0x0000000000000000
R8 =0x0000000000009803, R9 =0x0000000000000000, R10=0x000002d0ae40f5a0, R11=0x0000000000000100
R12=0x0000000000000000, R13=0x0000000000009803, R14=0x00000000025901da, R15=0x0000000000009803
RIP=0x00007ff99f0614fc, EFLAGS=0x0000000000010202

Top of Stack: (sp=0x000000dcd10fedd0)
0x000000dcd10fedd0:   0000000033090aa3 0000000000000000
0x000000dcd10fede0:   00007ff9e9415f78 000002d0b5f46960
0x000000dcd10fedf0:   0000000000000000 00007ff99f0610ce
0x000000dcd10fee00:   0000000000000004 0000000000000000
0x000000dcd10fee10:   0000000000000000 0000000000000000
0x000000dcd10fee20:   0000000000000000 00007ff99f061424
0x000000dcd10fee30:   00000000025901da 00000000000a0534
0x000000dcd10fee40:   0000000000009803 00007ff9635d6c72
0x000000dcd10fee50:   00000000025901da 00007ff900000004
0x000000dcd10fee60:   0000000080000022 00007ff9ea51e858
0x000000dcd10fee70:   0000000000000001 000000dcd10ff060
0x000000dcd10fee80:   0000000000000000 0000000000000000
0x000000dcd10fee90:   0000000000000000 0000000000000000
0x000000dcd10feea0:   0000000000000000 0000000000000000
0x000000dcd10feeb0:   0000000000000000 0000000000000000
0x000000dcd10feec0:   8000002200000000 0000000000000000 

Instructions: (pc=0x00007ff99f0614fc)
0x00007ff99f0613fc:   49 8b d9 48 8b 0d 1a 2c 00 00 49 8b f8 e8 32 fc
0x00007ff99f06140c:   ff ff 4c 8b cf 48 89 5c 24 20 44 8b c6 48 8b d5
0x00007ff99f06141c:   48 8b c8 e8 1c 00 00 00 48 8b 5c 24 40 48 8b 6c
0x00007ff99f06142c:   24 48 48 8b 74 24 50 48 83 c4 30 5f c3 cc cc cc
0x00007ff99f06143c:   cc cc cc cc 48 89 5c 24 08 48 89 6c 24 10 48 89
0x00007ff99f06144c:   74 24 18 57 41 56 41 57 48 83 ec 40 41 8b c0 49
0x00007ff99f06145c:   8b d9 45 8b f8 48 8b ea 48 8b f1 83 e8 02 0f 84
0x00007ff99f06146c:   af 01 00 00 2d 81 00 00 00 0f 84 87 01 00 00 83
0x00007ff99f06147c:   e8 01 0f 84 89 00 00 00 4c 8b b4 24 80 00 00 00
0x00007ff99f06148c:   83 e8 21 74 4d 3d 7b 02 00 00 75 64 48 8b 49 08
0x00007ff99f06149c:   48 85 c9 75 1c 48 8b 0e 48 8d 56 08 41 b8 02 00
0x00007ff99f0614ac:   01 00 48 8b 01 ff 50 30 48 8b 4e 08 48 85 c9 74
0x00007ff99f0614bc:   3f 4c 8b 05 54 2b 00 00 48 8b 56 10 e8 e3 fe ff
0x00007ff99f0614cc:   ff 48 8b 4e 20 45 8b c7 4c 89 74 24 20 e9 b6 01
0x00007ff99f0614dc:   00 00 49 8d 41 fe 48 83 f8 01 77 14 49 8b c6 45
0x00007ff99f0614ec:   0f bf c6 48 c1 e8 10 44 0f bf c8 e8 64 06 00 00
0x00007ff99f0614fc:   48 8b 4e 20 45 8b c7 4c 89 74 24 20 e9 87 01 00
0x00007ff99f06150c:   00 48 8b bc 24 80 00 00 00 41 b8 84 00 00 00 48
0x00007ff99f06151c:   8b 49 20 48 89 7c 24 20 ff 15 96 1b 00 00 48 83
0x00007ff99f06152c:   f8 01 0f 85 6c 01 00 00 48 8d 54 24 30 48 8b cd
0x00007ff99f06153c:   ff 15 1e 1b 00 00 48 8b 4e 18 44 0f bf ff 44 2b
0x00007ff99f06154c:   7c 24 30 48 c1 ef 10 44 0f bf f7 44 2b 74 24 34
0x00007ff99f06155c:   ff 15 26 1b 00 00 8b d0 b9 5c 00 00 00 8b d8 ff
0x00007ff99f06156c:   15 1f 1b 00 00 8b d3 b9 21 00 00 00 8b f8 ff 15
0x00007ff99f06157c:   10 1b 00 00 03 f8 44 3b f7 7d 18 ba f0 ff ff ff
0x00007ff99f06158c:   48 8b cd ff 15 3b 1b 00 00 0f ba e0 12 73 04 b3
0x00007ff99f06159c:   01 eb 02 32 db 48 8b 4e 08 48 85 c9 75 32 48 8b
0x00007ff99f0615ac:   0e 48 8d 56 08 41 b8 02 00 01 00 48 8b 01 ff 50
0x00007ff99f0615bc:   30 48 8b 4e 08 48 85 c9 75 16 b8 01 00 00 00 84
0x00007ff99f0615cc:   db b9 0c 00 00 00 0f 45 c1 48 98 e9 c4 00 00 00
0x00007ff99f0615dc:   4c 8b 05 25 2a 00 00 45 8b cf 48 8b 56 10 0f b6
0x00007ff99f0615ec:   c3 89 44 24 28 44 89 74 24 20 e8 85 fd ff ff 48 


Stack slot to memory mapping:
stack at sp + 0 slots: 0x0000000033090aa3 is an unknown value
stack at sp + 1 slots: 0x0 is NULL
stack at sp + 2 slots: 0x00007ff9e9415f78 MSCTF.dll
stack at sp + 3 slots: 0x000002d0b5f46960 points into unknown readable memory: 00 f0 4f ab d0 02 00 00
stack at sp + 4 slots: 0x0 is NULL
stack at sp + 5 slots: 0x00007ff99f0610ce flatlaf-windows-x86_64-14918766152040183984.dll
stack at sp + 6 slots: 0x0000000000000004 is an unknown value
stack at sp + 7 slots: 0x0 is NULL


---------------  P R O C E S S  ---------------

Threads class SMR info:
_java_thread_list=0x000002d0ae6bff00, length=18, elements={
0x000002d0aab4a800, 0x000002d0aab4b800, 0x000002d0aab8d800, 0x000002d0aab90800,
0x000002d0aab92000, 0x000002d0aab95000, 0x000002d0aab9d800, 0x000002d0aabb8000,
0x000002d0aab11000, 0x000002d0ab118800, 0x000002d0ab1bc800, 0x000002d0ab1bd000,
0x000002d0ab1be000, 0x000002d0ab1e8000, 0x000002d08b3c2800, 0x000002d0ae3c6000,
0x000002d0aaba0000, 0x000002d0aaba1000
}

Java Threads: ( => current thread )
  0x000002d0aab4a800 JavaThread "Reference Handler" daemon [_thread_blocked, id=17900, stack(0x000000dcd0300000,0x000000dcd0400000)]
  0x000002d0aab4b800 JavaThread "Finalizer" daemon [_thread_blocked, id=3164, stack(0x000000dcd0400000,0x000000dcd0500000)]
  0x000002d0aab8d800 JavaThread "Signal Dispatcher" daemon [_thread_blocked, id=15284, stack(0x000000dcd0500000,0x000000dcd0600000)]
  0x000002d0aab90800 JavaThread "Attach Listener" daemon [_thread_blocked, id=4696, stack(0x000000dcd0600000,0x000000dcd0700000)]
  0x000002d0aab92000 JavaThread "Service Thread" daemon [_thread_blocked, id=7272, stack(0x000000dcd0700000,0x000000dcd0800000)]
  0x000002d0aab95000 JavaThread "C2 CompilerThread0" daemon [_thread_blocked, id=17180, stack(0x000000dcd0800000,0x000000dcd0900000)]
  0x000002d0aab9d800 JavaThread "C1 CompilerThread0" daemon [_thread_blocked, id=11676, stack(0x000000dcd0900000,0x000000dcd0a00000)]
  0x000002d0aabb8000 JavaThread "Sweeper thread" daemon [_thread_blocked, id=4420, stack(0x000000dcd0a00000,0x000000dcd0b00000)]
  0x000002d0aab11000 JavaThread "Common-Cleaner" daemon [_thread_blocked, id=7988, stack(0x000000dcd0b00000,0x000000dcd0c00000)]
  0x000002d0ab118800 JavaThread "Notification Thread" daemon [_thread_blocked, id=18564, stack(0x000000dcd0d00000,0x000000dcd0e00000)]
  0x000002d0ab1bc800 JavaThread "Java2D Disposer" daemon [_thread_blocked, id=4988, stack(0x000000dcd0c00000,0x000000dcd0d00000)]
  0x000002d0ab1bd000 JavaThread "AWT-Shutdown" [_thread_blocked, id=14488, stack(0x000000dcd0f00000,0x000000dcd1000000)]
=>0x000002d0ab1be000 JavaThread "AWT-Windows" daemon [_thread_in_native, id=20104, stack(0x000000dcd1000000,0x000000dcd1100000)]
  0x000002d0ab1e8000 JavaThread "AWT-EventQueue-0" [_thread_in_native, id=13576, stack(0x000000dcd1100000,0x000000dcd1200000)]
  0x000002d08b3c2800 JavaThread "DestroyJavaVM" [_thread_blocked, id=9072, stack(0x000000dccfc00000,0x000000dccfd00000)]
  0x000002d0ae3c6000 JavaThread "TimerQueue" daemon [_thread_blocked, id=11052, stack(0x000000dcd1500000,0x000000dcd1600000)]
  0x000002d0aaba0000 JavaThread "D3D Screen Updater" daemon [_thread_blocked, id=13472, stack(0x000000dcd1a00000,0x000000dcd1b00000)]
  0x000002d0aaba1000 JavaThread "Abandoned connection cleanup thread" daemon [_thread_blocked, id=14836, stack(0x000000dcd1600000,0x000000dcd1700000)]

Other Threads:
  0x000002d0aab2f000 VMThread "VM Thread" [stack: 0x000000dcd0200000,0x000000dcd0300000] [id=21280]
  0x000002d0ab08c800 WatcherThread [stack: 0x000000dcd0e00000,0x000000dcd0f00000] [id=17744]
  0x000002d08b426000 GCTaskThread "GC Thread#0" [stack: 0x000000dccfd00000,0x000000dccfe00000] [id=6044]
  0x000002d0ab605800 GCTaskThread "GC Thread#1" [stack: 0x000000dcd1b50000,0x000000dcd1c50000] [id=18320]
  0x000002d0ab15a800 GCTaskThread "GC Thread#2" [stack: 0x000000dcd1c50000,0x000000dcd1d50000] [id=17024]
  0x000002d0ab0a4000 GCTaskThread "GC Thread#3" [stack: 0x000000dcd1d50000,0x000000dcd1e50000] [id=19528]
  0x000002d0aae84000 GCTaskThread "GC Thread#4" [stack: 0x000000dcd1e50000,0x000000dcd1f50000] [id=18948]
  0x000002d0aae84800 GCTaskThread "GC Thread#5" [stack: 0x000000dcd1f50000,0x000000dcd2050000] [id=15504]
  0x000002d08b448800 ConcurrentGCThread "G1 Main Marker" [stack: 0x000000dccfe00000,0x000000dccff00000] [id=18140]
  0x000002d08b449800 ConcurrentGCThread "G1 Conc#0" [stack: 0x000000dccff00000,0x000000dcd0000000] [id=8704]
  0x000002d0ab159800 ConcurrentGCThread "G1 Conc#1" [stack: 0x000000dcd2050000,0x000000dcd2150000] [id=20684]
  0x000002d0aa147800 ConcurrentGCThread "G1 Refine#0" [stack: 0x000000dcd0000000,0x000000dcd0100000] [id=2896]
  0x000002d0aa14a000 ConcurrentGCThread "G1 Young RemSet Sampling" [stack: 0x000000dcd0100000,0x000000dcd0200000] [id=13284]

Threads with active compile tasks:

VM state:not at safepoint (normal execution)

VM Mutex/Monitor currently owned by a thread: None

Heap address: 0x0000000701000000, size: 4080 MB, Compressed Oops mode: Zero based, Oop shift amount: 3
Narrow klass base: 0x0000000800000000, Narrow klass shift: 0
Compressed class space size: 1073741824 Address: 0x0000000800000000

Heap:
 garbage-first heap   total 20480K, used 9777K [0x0000000701000000, 0x0000000800000000)
  region size 1024K, 5 young (5120K), 1 survivors (1024K)
 Metaspace       used 26234K, capacity 26697K, committed 26928K, reserved 1073152K
  class space    used 2699K, capacity 2871K, committed 2944K, reserved 1048576K
Heap Regions: E=young(eden), S=young(survivor), O=old, HS=humongous(starts), HC=humongous(continues), CS=collection set, F=free, OA=open archive, CA=closed archive, TAMS=top-at-mark-start (previous, next)
|   0|0x0000000701000000, 0x0000000701100000, 0x0000000701100000|100%| O|  |TAMS 0x000000070104d600, 0x0000000701000000| Untracked 
|   1|0x0000000701100000, 0x0000000701200000, 0x0000000701200000|100%| O|  |TAMS 0x0000000701100000, 0x0000000701100000| Untracked 
|   2|0x0000000701200000, 0x0000000701300000, 0x0000000701300000|100%| O|  |TAMS 0x0000000701200000, 0x0000000701200000| Untracked 
|   3|0x0000000701300000, 0x0000000701345e00, 0x0000000701400000| 27%| O|  |TAMS 0x0000000701300000, 0x0000000701300000| Untracked 
|   4|0x0000000701400000, 0x0000000701500000, 0x0000000701500000|100%| O|  |TAMS 0x0000000701400000, 0x0000000701400000| Untracked 
|   5|0x0000000701500000, 0x0000000701600000, 0x0000000701600000|100%| O|  |TAMS 0x0000000701500000, 0x0000000701500000| Untracked 
|   6|0x0000000701600000, 0x0000000701600000, 0x0000000701700000|  0%| F|  |TAMS 0x0000000701600000, 0x0000000701600000| Untracked 
|   7|0x0000000701700000, 0x0000000701700000, 0x0000000701800000|  0%| F|  |TAMS 0x0000000701700000, 0x0000000701700000| Untracked 
|   8|0x0000000701800000, 0x00000007018f5600, 0x0000000701900000| 95%| O|  |TAMS 0x0000000701800000, 0x0000000701800000| Untracked 
|   9|0x0000000701900000, 0x0000000701900000, 0x0000000701a00000|  0%| F|  |TAMS 0x0000000701900000, 0x0000000701900000| Untracked 
|  10|0x0000000701a00000, 0x0000000701a00000, 0x0000000701b00000|  0%| F|  |TAMS 0x0000000701a00000, 0x0000000701a00000| Untracked 
|  11|0x0000000701b00000, 0x0000000701b51180, 0x0000000701c00000| 31%| S|CS|TAMS 0x0000000701b00000, 0x0000000701b00000| Complete 
|  12|0x0000000701c00000, 0x0000000701c00000, 0x0000000701d00000|  0%| F|  |TAMS 0x0000000701c00000, 0x0000000701c00000| Untracked 
|  13|0x0000000701d00000, 0x0000000701d00000, 0x0000000701e00000|  0%| F|  |TAMS 0x0000000701d00000, 0x0000000701d00000| Untracked 
|  14|0x0000000701e00000, 0x0000000701e00000, 0x0000000701f00000|  0%| F|  |TAMS 0x0000000701e00000, 0x0000000701e00000| Untracked 
|  15|0x0000000701f00000, 0x0000000701f00000, 0x0000000702000000|  0%| F|  |TAMS 0x0000000701f00000, 0x0000000701f00000| Untracked 
|  16|0x0000000702000000, 0x0000000702074f70, 0x0000000702100000| 45%| E|  |TAMS 0x0000000702000000, 0x0000000702000000| Complete 
|  17|0x0000000702100000, 0x0000000702200000, 0x0000000702200000|100%| E|CS|TAMS 0x0000000702100000, 0x0000000702100000| Complete 
| 253|0x0000000710d00000, 0x0000000710e00000, 0x0000000710e00000|100%| E|CS|TAMS 0x0000000710d00000, 0x0000000710d00000| Complete 
| 255|0x0000000710f00000, 0x0000000711000000, 0x0000000711000000|100%| E|CS|TAMS 0x0000000710f00000, 0x0000000710f00000| Complete 

Card table byte_map: [0x000002d09e9a0000,0x000002d09f1a0000] _byte_map_base: 0x000002d09b198000

Marking Bits (Prev, Next): (CMBitMap*) 0x000002d08b426d48, (CMBitMap*) 0x000002d08b426d08
 Prev Bits: [0x000002d0a3960000, 0x000002d0a7920000)
 Next Bits: [0x000002d09f9a0000, 0x000002d0a3960000)

Polling page: 0x000002d089560000

Metaspace:

Usage:
  Non-class:     23.27 MB capacity,    22.98 MB ( 99%) used,   241.38 KB (  1%) free+waste,    49.69 KB ( <1%) overhead. 
      Class:      2.80 MB capacity,     2.64 MB ( 94%) used,   148.89 KB (  5%) free+waste,    22.94 KB ( <1%) overhead. 
       Both:     26.07 MB capacity,    25.62 MB ( 98%) used,   390.27 KB (  1%) free+waste,    72.63 KB ( <1%) overhead. 

Virtual space:
  Non-class space:       24.00 MB reserved,      23.42 MB ( 98%) committed 
      Class space:        1.00 GB reserved,       2.88 MB ( <1%) committed 
             Both:        1.02 GB reserved,      26.30 MB (  3%) committed 

Chunk freelists:
   Non-Class:  30.00 KB
       Class:  9.00 KB
        Both:  39.00 KB

MaxMetaspaceSize: 17179869184.00 GB
CompressedClassSpaceSize: 1.00 GB

CodeHeap 'non-profiled nmethods': size=120000Kb used=1700Kb max_used=1700Kb free=118299Kb
 bounds [0x000002d096b60000, 0x000002d096dd0000, 0x000002d09e090000]
CodeHeap 'profiled nmethods': size=120000Kb used=6223Kb max_used=6923Kb free=113776Kb
 bounds [0x000002d08f630000, 0x000002d08fd00000, 0x000002d096b60000]
CodeHeap 'non-nmethods': size=5760Kb used=1403Kb max_used=1429Kb free=4356Kb
 bounds [0x000002d08f090000, 0x000002d08f300000, 0x000002d08f630000]
 total_blobs=3845 nmethods=3122 adapters=634
 compilation: enabled
              stopped_count=0, restarted_count=0
 full_count=0

Compilation events (20 events):
Event: 219.669 Thread 0x000002d0aab9d800 nmethod 3545 0x000002d08f973510 code [0x000002d08f9736e0, 0x000002d08f973c18]
Event: 219.669 Thread 0x000002d0aab9d800 3544       3       javax.swing.JComponent::validateAlignment (22 bytes)
Event: 219.669 Thread 0x000002d0aab9d800 nmethod 3544 0x000002d08f831190 code [0x000002d08f831360, 0x000002d08f831558]
Event: 219.669 Thread 0x000002d0aab9d800 3546       3       javax.swing.JComponent::registerWithKeyboardManager (231 bytes)
Event: 219.670 Thread 0x000002d0aab9d800 nmethod 3546 0x000002d08f63ba10 code [0x000002d08f63bd60, 0x000002d08f63d218]
Event: 219.670 Thread 0x000002d0aab9d800 3547       3       java.awt.Rectangle::<init> (9 bytes)
Event: 219.670 Thread 0x000002d0aab9d800 nmethod 3547 0x000002d08f830c10 code [0x000002d08f830dc0, 0x000002d08f831058]
Event: 219.689 Thread 0x000002d0aab9d800 3548   !   3       java.awt.Container::isParentOf (49 bytes)
Event: 219.689 Thread 0x000002d0aab9d800 nmethod 3548 0x000002d08f870e90 code [0x000002d08f871060, 0x000002d08f8716e8]
Event: 219.689 Thread 0x000002d0aab9d800 3549       3       java.util.AbstractSequentialList::iterator (5 bytes)
Event: 219.689 Thread 0x000002d0aab9d800 nmethod 3549 0x000002d08f905390 code [0x000002d08f905540, 0x000002d08f9057e8]
Event: 219.689 Thread 0x000002d0aab9d800 3550       3       java.util.AbstractList::listIterator (6 bytes)
Event: 219.689 Thread 0x000002d0aab9d800 nmethod 3550 0x000002d08f874710 code [0x000002d08f8748c0, 0x000002d08f874a88]
Event: 219.690 Thread 0x000002d0aab95000 nmethod 3522 0x000002d096bb8e90 code [0x000002d096bb91c0, 0x000002d096bbade8]
Event: 219.690 Thread 0x000002d0aab95000 3515       4       java.lang.Boolean::equals (29 bytes)
Event: 219.690 Thread 0x000002d0aab95000 nmethod 3515 0x000002d096bb8b90 code [0x000002d096bb8d20, 0x000002d096bb8dd8]
Event: 219.690 Thread 0x000002d0aab9d800 3551   !   3       java.awt.Container::mixOnHiding (56 bytes)
Event: 219.691 Thread 0x000002d0aab9d800 nmethod 3551 0x000002d08f838310 code [0x000002d08f838540, 0x000002d08f838ca8]
Event: 219.691 Thread 0x000002d0aab9d800 3552   !   3       java.awt.Component::mixOnHiding (61 bytes)
Event: 219.691 Thread 0x000002d0aab9d800 nmethod 3552 0x000002d08f8b6010 code [0x000002d08f8b6240, 0x000002d08f8b6a28]

GC Heap History (10 events):
Event: 20.168 GC heap before
{Heap before GC invocations=0 (full 0):
 garbage-first heap   total 262144K, used 21504K [0x0000000701000000, 0x0000000800000000)
  region size 1024K, 21 young (21504K), 0 survivors (0K)
 Metaspace       used 20479K, capacity 20885K, committed 20992K, reserved 1069056K
  class space    used 2120K, capacity 2298K, committed 2304K, reserved 1048576K
}
Event: 20.172 GC heap after
{Heap after GC invocations=1 (full 0):
 garbage-first heap   total 262144K, used 3381K [0x0000000701000000, 0x0000000800000000)
  region size 1024K, 3 young (3072K), 3 survivors (3072K)
 Metaspace       used 20479K, capacity 20885K, committed 20992K, reserved 1069056K
  class space    used 2120K, capacity 2298K, committed 2304K, reserved 1048576K
}
Event: 20.182 GC heap before
{Heap before GC invocations=1 (full 0):
 garbage-first heap   total 262144K, used 4405K [0x0000000701000000, 0x0000000800000000)
  region size 1024K, 5 young (5120K), 3 survivors (3072K)
 Metaspace       used 20744K, capacity 21109K, committed 21296K, reserved 1069056K
  class space    used 2150K, capacity 2330K, committed 2432K, reserved 1048576K
}
Event: 20.185 GC heap after
{Heap after GC invocations=2 (full 0):
 garbage-first heap   total 262144K, used 3827K [0x0000000701000000, 0x0000000800000000)
  region size 1024K, 1 young (1024K), 1 survivors (1024K)
 Metaspace       used 20744K, capacity 21109K, committed 21296K, reserved 1069056K
  class space    used 2150K, capacity 2330K, committed 2432K, reserved 1048576K
}
Event: 30.376 GC heap before
{Heap before GC invocations=3 (full 0):
 garbage-first heap   total 20480K, used 14067K [0x0000000701000000, 0x0000000800000000)
  region size 1024K, 12 young (12288K), 1 survivors (1024K)
 Metaspace       used 23741K, capacity 24148K, committed 24368K, reserved 1071104K
  class space    used 2462K, capacity 2597K, committed 2688K, reserved 1048576K
}
Event: 30.377 GC heap after
{Heap after GC invocations=4 (full 0):
 garbage-first heap   total 20480K, used 5590K [0x0000000701000000, 0x0000000800000000)
  region size 1024K, 2 young (2048K), 2 survivors (2048K)
 Metaspace       used 23741K, capacity 24148K, committed 24368K, reserved 1071104K
  class space    used 2462K, capacity 2597K, committed 2688K, reserved 1048576K
}
Event: 36.490 GC heap before
{Heap before GC invocations=4 (full 0):
 garbage-first heap   total 20480K, used 12758K [0x0000000701000000, 0x0000000800000000)
  region size 1024K, 9 young (9216K), 2 survivors (2048K)
 Metaspace       used 25080K, capacity 25652K, committed 25776K, reserved 1073152K
  class space    used 2611K, capacity 2799K, committed 2816K, reserved 1048576K
}
Event: 36.492 GC heap after
{Heap after GC invocations=5 (full 0):
 garbage-first heap   total 20480K, used 6396K [0x0000000701000000, 0x0000000800000000)
  region size 1024K, 1 young (1024K), 1 survivors (1024K)
 Metaspace       used 25080K, capacity 25652K, committed 25776K, reserved 1073152K
  class space    used 2611K, capacity 2799K, committed 2816K, reserved 1048576K
}
Event: 211.694 GC heap before
{Heap before GC invocations=5 (full 0):
 garbage-first heap   total 20480K, used 13564K [0x0000000701000000, 0x0000000800000000)
  region size 1024K, 8 young (8192K), 1 survivors (1024K)
 Metaspace       used 25470K, capacity 25949K, committed 26160K, reserved 1073152K
  class space    used 2641K, capacity 2834K, committed 2944K, reserved 1048576K
}
Event: 211.695 GC heap after
{Heap after GC invocations=6 (full 0):
 garbage-first heap   total 20480K, used 6705K [0x0000000701000000, 0x0000000800000000)
  region size 1024K, 1 young (1024K), 1 survivors (1024K)
 Metaspace       used 25470K, capacity 25949K, committed 26160K, reserved 1073152K
  class space    used 2641K, capacity 2834K, committed 2944K, reserved 1048576K
}

Deoptimization events (20 events):
Event: 216.093 Thread 0x000002d0ab1e8000 DEOPT PACKING pc=0x000002d096d01598 sp=0x000000dcd11fe570
Event: 216.093 Thread 0x000002d0ab1e8000 DEOPT UNPACKING pc=0x000002d08f0d912f sp=0x000000dcd11fe538 mode 2
Event: 216.093 Thread 0x000002d0ab1e8000 Uncommon trap: trap_request=0xffffffc6 fr.pc=0x000002d096b84494 relative=0x0000000000000214
Event: 216.093 Thread 0x000002d0ab1e8000 Uncommon trap: reason=bimorphic_or_optimized_type_check action=maybe_recompile pc=0x000002d096b84494 method=java.awt.Component.processEvent(Ljava/awt/AWTEvent;)V @ 121 c2
Event: 216.093 Thread 0x000002d0ab1e8000 DEOPT PACKING pc=0x000002d096b84494 sp=0x000000dcd11fe530
Event: 216.093 Thread 0x000002d0ab1e8000 DEOPT UNPACKING pc=0x000002d08f0d912f sp=0x000000dcd11fe460 mode 2
Event: 217.072 Thread 0x000002d0ab1e8000 Uncommon trap: trap_request=0xffffffc6 fr.pc=0x000002d096d01598 relative=0x00000000000036b8
Event: 217.072 Thread 0x000002d0ab1e8000 Uncommon trap: reason=bimorphic_or_optimized_type_check action=maybe_recompile pc=0x000002d096d01598 method=java.awt.Component.dispatchEventImpl(Ljava/awt/AWTEvent;)V @ 447 c2
Event: 217.072 Thread 0x000002d0ab1e8000 DEOPT PACKING pc=0x000002d096d01598 sp=0x000000dcd11fe570
Event: 217.072 Thread 0x000002d0ab1e8000 DEOPT UNPACKING pc=0x000002d08f0d912f sp=0x000000dcd11fe538 mode 2
Event: 217.072 Thread 0x000002d0ab1e8000 Uncommon trap: trap_request=0xffffffc6 fr.pc=0x000002d096b84494 relative=0x0000000000000214
Event: 217.072 Thread 0x000002d0ab1e8000 Uncommon trap: reason=bimorphic_or_optimized_type_check action=maybe_recompile pc=0x000002d096b84494 method=java.awt.Component.processEvent(Ljava/awt/AWTEvent;)V @ 121 c2
Event: 217.072 Thread 0x000002d0ab1e8000 DEOPT PACKING pc=0x000002d096b84494 sp=0x000000dcd11fe530
Event: 217.072 Thread 0x000002d0ab1e8000 DEOPT UNPACKING pc=0x000002d08f0d912f sp=0x000000dcd11fe460 mode 2
Event: 217.073 Thread 0x000002d0ab1e8000 DEOPT PACKING pc=0x000002d08f989bc7 sp=0x000000dcd11fd820
Event: 217.073 Thread 0x000002d0ab1e8000 DEOPT UNPACKING pc=0x000002d08f0d964e sp=0x000000dcd11fcc20 mode 0
Event: 217.143 Thread 0x000002d0ab1e8000 Uncommon trap: trap_request=0xffffffc6 fr.pc=0x000002d096d01598 relative=0x00000000000036b8
Event: 217.143 Thread 0x000002d0ab1e8000 Uncommon trap: reason=bimorphic_or_optimized_type_check action=maybe_recompile pc=0x000002d096d01598 method=java.awt.Component.dispatchEventImpl(Ljava/awt/AWTEvent;)V @ 447 c2
Event: 217.143 Thread 0x000002d0ab1e8000 DEOPT PACKING pc=0x000002d096d01598 sp=0x000000dcd11fe570
Event: 217.143 Thread 0x000002d0ab1e8000 DEOPT UNPACKING pc=0x000002d08f0d912f sp=0x000000dcd11fe538 mode 2

Classes unloaded (0 events):
No events

Classes redefined (0 events):
No events

Internal exceptions (20 events):
Event: 0.693 Thread 0x000002d0ab1e8000 Exception <a 'java/lang/NoSuchMethodError'{0x000000071076f1b0}: 'java.lang.Object java.lang.invoke.DirectMethodHandle$Holder.invokeSpecial(java.lang.Object, java.lang.Object, java.lang.Object, java.lang.Object, float)'> (0x000000071076f1b0) 
thrown [./open/src/hotspot/share/interpreter/linkResolver.cpp, line 766]
Event: 0.700 Thread 0x000002d0ab1e8000 Exception <a 'java/lang/NoSuchMethodError'{0x00000007107aa8c0}: 'java.lang.Object java.lang.invoke.DirectMethodHandle$Holder.invokeStatic(java.lang.Object, int, int, int)'> (0x00000007107aa8c0) 
thrown [./open/src/hotspot/share/interpreter/linkResolver.cpp, line 766]
Event: 0.726 Thread 0x000002d0ab1e8000 Exception <a 'java/lang/ClassNotFoundException'{0x00000007106030c8}: com/sun/swing/internal/plaf/basic/resources/spi/basicProvider> (0x00000007106030c8) 
thrown [./open/src/hotspot/share/classfile/systemDictionary.cpp, line 226]
Event: 1.215 Thread 0x000002d0ab1e8000 Implicit null exception at 0x000002d096b94958 to 0x000002d096b949ea
Event: 1.220 Thread 0x000002d0ab1e8000 Exception <a 'sun/nio/fs/WindowsException'{0x00000007106f3f40}> (0x00000007106f3f40) 
thrown [./open/src/hotspot/share/prims/jni.cpp, line 599]
Event: 1.228 Thread 0x000002d0ab1e8000 Exception <a 'java/lang/NoSuchMethodError'{0x0000000710518fd0}: 'java.lang.Object java.lang.invoke.DirectMethodHandle$Holder.invokeStaticInit(java.lang.Object, int, int, int, int)'> (0x0000000710518fd0) 
thrown [./open/src/hotspot/share/interpreter/linkResolver.cpp, line 766]
Event: 1.274 Thread 0x000002d0ab1e8000 Exception <a 'java/lang/NoSuchMethodError'{0x0000000710561400}: 'java.lang.Object java.lang.invoke.DirectMethodHandle$Holder.invokeStaticInit(java.lang.Object, java.lang.Object, int, int, int, int)'> (0x0000000710561400) 
thrown [./open/src/hotspot/share/interpreter/linkResolver.cpp, line 766]
Event: 1.375 Thread 0x000002d0ab1e8000 Exception <a 'java/lang/NoSuchMethodError'{0x000000071045fae0}: 'void java.lang.invoke.DirectMethodHandle$Holder.invokeStaticInit(java.lang.Object)'> (0x000000071045fae0) 
thrown [./open/src/hotspot/share/interpreter/linkResolver.cpp, line 766]
Event: 1.380 Thread 0x000002d0ab1e8000 Exception <a 'java/lang/NoSuchMethodError'{0x00000007104f1e40}: 'java.lang.Object java.lang.invoke.Invokers$Holder.linkToTargetMethod(java.lang.Object, int, java.lang.Object)'> (0x00000007104f1e40) 
thrown [./open/src/hotspot/share/interpreter/linkResolver.cpp, line 766]
Event: 1.383 Thread 0x000002d0ab1e8000 Exception <a 'sun/nio/fs/WindowsException'{0x00000007104f6c58}> (0x00000007104f6c58) 
thrown [./open/src/hotspot/share/prims/jni.cpp, line 599]
Event: 1.515 Thread 0x000002d0ab1e8000 Exception <a 'java/lang/NoSuchMethodError'{0x0000000710234ee0}: 'void java.lang.invoke.DirectMethodHandle$Holder.invokeSpecial(java.lang.Object, java.lang.Object, java.lang.Object, int, int, int, int, double)'> (0x0000000710234ee0) 
thrown [./open/src/hotspot/share/interpreter/linkResolver.cpp, line 766]
Event: 20.117 Thread 0x000002d0ab1e8000 Implicit null exception at 0x000002d096bd6a9f to 0x000002d096bd7968
Event: 20.118 Thread 0x000002d0ab1e8000 Exception <a 'sun/nio/fs/WindowsException'{0x000000070fd667e8}> (0x000000070fd667e8) 
thrown [./open/src/hotspot/share/prims/jni.cpp, line 599]
Event: 20.213 Thread 0x000002d0ab1e8000 Exception <a 'java/lang/ClassNotFoundException'{0x000000070213d840}: jdk/net/ExtendedSocketOptions> (0x000000070213d840) 
thrown [./open/src/hotspot/share/classfile/systemDictionary.cpp, line 226]
Event: 30.342 Thread 0x000002d0ab1e8000 Implicit null exception at 0x000002d096c2ec8c to 0x000002d096c2ece5
Event: 30.415 Thread 0x000002d0ab1e8000 Implicit null exception at 0x000002d096c870f9 to 0x000002d096c8763a
Event: 30.622 Thread 0x000002d0ab1e8000 Implicit null exception at 0x000002d096c33dd9 to 0x000002d096c34ccc
Event: 30.632 Thread 0x000002d0ab1e8000 Implicit null exception at 0x000002d096c1220c to 0x000002d096c12470
Event: 30.641 Thread 0x000002d0ab1be000 Implicit null exception at 0x000002d096c2a917 to 0x000002d096c2b0f8
Event: 219.584 Thread 0x000002d0ab1e8000 Exception <a 'sun/nio/fs/WindowsException'{0x00000007021fbe10}> (0x00000007021fbe10) 
thrown [./open/src/hotspot/share/prims/jni.cpp, line 599]

Events (20 events):
Event: 219.586 loading class java/time/Instant
Event: 219.586 loading class java/time/Instant done
Event: 219.586 loading class java/time/temporal/TemporalAdjusters
Event: 219.586 loading class java/time/temporal/TemporalAdjusters done
Event: 219.586 loading class java/time/LocalDate$1
Event: 219.586 loading class java/time/LocalDate$1 done
Event: 219.587 loading class java/time/zone/ZoneOffsetTransitionRule$1
Event: 219.587 loading class java/time/zone/ZoneOffsetTransitionRule$1 done
Event: 219.587 loading class java/time/format/DateTimePrintContext
Event: 219.587 loading class java/time/format/DateTimePrintContext done
Event: 219.587 loading class java/time/format/DateTimeFormatterBuilder$3
Event: 219.587 loading class java/time/format/DateTimeFormatterBuilder$3 done
Event: 219.587 loading class java/time/LocalTime$1
Event: 219.587 loading class java/time/LocalTime$1 done
Event: 219.662 Executing VM operation: HandshakeOneThread
Event: 219.662 Executing VM operation: HandshakeOneThread done
Event: 219.665 Executing VM operation: HandshakeOneThread
Event: 219.665 Executing VM operation: HandshakeOneThread done
Event: 219.666 Executing VM operation: HandshakeOneThread
Event: 219.666 Executing VM operation: HandshakeOneThread done


Dynamic libraries:
0x00007ff785b60000 - 0x00007ff785b6d000 	C:\Users\artur\.p2\pool\plugins\org.eclipse.justj.openjdk.hotspot.jre.full.win32.x86_64_14.0.2.v20200815-0932\jre\bin\javaw.exe
0x00007ff9eaf50000 - 0x00007ff9eb145000 	C:\WINDOWS\SYSTEM32\ntdll.dll
0x00007ff9eab30000 - 0x00007ff9eabed000 	C:\WINDOWS\System32\KERNEL32.DLL
0x00007ff9e8ce0000 - 0x00007ff9e8fa8000 	C:\WINDOWS\System32\KERNELBASE.dll
0x00007ff9e87f0000 - 0x00007ff9e88f0000 	C:\WINDOWS\System32\ucrtbase.dll
0x00007ff9889b0000 - 0x00007ff9889c8000 	C:\Users\artur\.p2\pool\plugins\org.eclipse.justj.openjdk.hotspot.jre.full.win32.x86_64_14.0.2.v20200815-0932\jre\bin\jli.dll
0x00007ff9ea510000 - 0x00007ff9ea6b0000 	C:\WINDOWS\System32\USER32.dll
0x00007ff9e8690000 - 0x00007ff9e86b2000 	C:\WINDOWS\System32\win32u.dll
0x00007ff9ea430000 - 0x00007ff9ea45a000 	C:\WINDOWS\System32\GDI32.dll
0x00007ff9e88f0000 - 0x00007ff9e89fb000 	C:\WINDOWS\System32\gdi32full.dll
0x00007ff9e8c40000 - 0x00007ff9e8cdd000 	C:\WINDOWS\System32\msvcp_win.dll
0x00007ff988990000 - 0x00007ff9889a5000 	C:\Users\artur\.p2\pool\plugins\org.eclipse.justj.openjdk.hotspot.jre.full.win32.x86_64_14.0.2.v20200815-0932\jre\bin\VCRUNTIME140.dll
0x00007ff9db0b0000 - 0x00007ff9db34a000 	C:\WINDOWS\WinSxS\amd64_microsoft.windows.common-controls_6595b64144ccf1df_6.0.19041.844_none_ca00b6081b84eb1d\COMCTL32.dll
0x00007ff9e94c0000 - 0x00007ff9e955e000 	C:\WINDOWS\System32\msvcrt.dll
0x00007ff9e9c20000 - 0x00007ff9e9c50000 	C:\WINDOWS\System32\IMM32.DLL
0x00007ff97ad70000 - 0x00007ff97ae0b000 	C:\Users\artur\.p2\pool\plugins\org.eclipse.justj.openjdk.hotspot.jre.full.win32.x86_64_14.0.2.v20200815-0932\jre\bin\msvcp140.dll
0x00007ff963350000 - 0x00007ff963e6e000 	C:\Users\artur\.p2\pool\plugins\org.eclipse.justj.openjdk.hotspot.jre.full.win32.x86_64_14.0.2.v20200815-0932\jre\bin\server\jvm.dll
0x00007ff9e9280000 - 0x00007ff9e932c000 	C:\WINDOWS\System32\ADVAPI32.dll
0x00007ff9e9160000 - 0x00007ff9e91fb000 	C:\WINDOWS\System32\sechost.dll
0x00007ff9e9570000 - 0x00007ff9e969b000 	C:\WINDOWS\System32\RPCRT4.dll
0x00007ff9e9330000 - 0x00007ff9e9338000 	C:\WINDOWS\System32\PSAPI.DLL
0x00007ff9e3270000 - 0x00007ff9e3279000 	C:\WINDOWS\SYSTEM32\WSOCK32.dll
0x00007ff9e96a0000 - 0x00007ff9e970b000 	C:\WINDOWS\System32\WS2_32.dll
0x00007ff9dcbb0000 - 0x00007ff9dcbd7000 	C:\WINDOWS\SYSTEM32\WINMM.dll
0x00007ff9e15d0000 - 0x00007ff9e15da000 	C:\WINDOWS\SYSTEM32\VERSION.dll
0x00007ff9e6640000 - 0x00007ff9e6652000 	C:\WINDOWS\SYSTEM32\kernel.appcore.dll
0x00007ff9dac80000 - 0x00007ff9dac8a000 	C:\Users\artur\.p2\pool\plugins\org.eclipse.justj.openjdk.hotspot.jre.full.win32.x86_64_14.0.2.v20200815-0932\jre\bin\jimage.dll
0x00007ff9e4320000 - 0x00007ff9e4504000 	C:\WINDOWS\SYSTEM32\DBGHELP.DLL
0x00007ff9d9df0000 - 0x00007ff9d9e1c000 	C:\WINDOWS\SYSTEM32\dbgcore.DLL
0x00007ff9e8bc0000 - 0x00007ff9e8c40000 	C:\WINDOWS\System32\bcryptPrimitives.dll
0x00007ff9c12f0000 - 0x00007ff9c1315000 	C:\Users\artur\.p2\pool\plugins\org.eclipse.justj.openjdk.hotspot.jre.full.win32.x86_64_14.0.2.v20200815-0932\jre\bin\java.dll
0x00007ff9bff90000 - 0x00007ff9bffa6000 	C:\Users\artur\.p2\pool\plugins\org.eclipse.justj.openjdk.hotspot.jre.full.win32.x86_64_14.0.2.v20200815-0932\jre\bin\zip.dll
0x00007ff9e9ce0000 - 0x00007ff9ea422000 	C:\WINDOWS\System32\SHELL32.dll
0x00007ff9e67f0000 - 0x00007ff9e6f81000 	C:\WINDOWS\SYSTEM32\windows.storage.dll
0x00007ff9e9710000 - 0x00007ff9e9a65000 	C:\WINDOWS\System32\combase.dll
0x00007ff9e8100000 - 0x00007ff9e812c000 	C:\WINDOWS\SYSTEM32\Wldp.dll
0x00007ff9ea460000 - 0x00007ff9ea50e000 	C:\WINDOWS\System32\SHCORE.dll
0x00007ff9e9100000 - 0x00007ff9e9155000 	C:\WINDOWS\System32\shlwapi.dll
0x00007ff9e85d0000 - 0x00007ff9e85ef000 	C:\WINDOWS\SYSTEM32\profapi.dll
0x00007ff9be3e0000 - 0x00007ff9be3f9000 	C:\Users\artur\.p2\pool\plugins\org.eclipse.justj.openjdk.hotspot.jre.full.win32.x86_64_14.0.2.v20200815-0932\jre\bin\net.dll
0x00007ff9e0ba0000 - 0x00007ff9e0cab000 	C:\WINDOWS\SYSTEM32\WINHTTP.dll
0x00007ff9e7e70000 - 0x00007ff9e7eda000 	C:\WINDOWS\system32\mswsock.dll
0x00007ff9be3c0000 - 0x00007ff9be3d2000 	C:\Users\artur\.p2\pool\plugins\org.eclipse.justj.openjdk.hotspot.jre.full.win32.x86_64_14.0.2.v20200815-0932\jre\bin\nio.dll
0x00007ff97b350000 - 0x00007ff97b4e8000 	C:\Users\artur\.p2\pool\plugins\org.eclipse.justj.openjdk.hotspot.jre.full.win32.x86_64_14.0.2.v20200815-0932\jre\bin\awt.dll
0x00007ff9e8fb0000 - 0x00007ff9e907d000 	C:\WINDOWS\System32\OLEAUT32.dll
0x00007ff9e5fa0000 - 0x00007ff9e6030000 	C:\WINDOWS\SYSTEM32\apphelp.dll
0x00007ff9e6130000 - 0x00007ff9e61ce000 	C:\WINDOWS\system32\uxtheme.dll
0x00007ff9e9340000 - 0x00007ff9e9455000 	C:\WINDOWS\System32\MSCTF.dll
0x00007ff9eade0000 - 0x00007ff9eaf0a000 	C:\WINDOWS\System32\ole32.dll
0x00007ff99fb10000 - 0x00007ff99fb92000 	C:\Users\artur\.p2\pool\plugins\org.eclipse.justj.openjdk.hotspot.jre.full.win32.x86_64_14.0.2.v20200815-0932\jre\bin\freetype.dll
0x00007ff996c80000 - 0x00007ff996d26000 	C:\Users\artur\.p2\pool\plugins\org.eclipse.justj.openjdk.hotspot.jre.full.win32.x86_64_14.0.2.v20200815-0932\jre\bin\fontmanager.dll
0x00007ff9e6410000 - 0x00007ff9e643f000 	C:\WINDOWS\system32\DWMAPI.DLL
0x00007ff977470000 - 0x00007ff977596000 	C:\WINDOWS\system32\opengl32.dll
0x00007ff97bab0000 - 0x00007ff97badc000 	C:\WINDOWS\SYSTEM32\GLU32.dll
0x00007ff9d0710000 - 0x00007ff9d08de000 	C:\WINDOWS\system32\d3d9.dll
0x00007ff9cf580000 - 0x00007ff9cf685000 	C:\WINDOWS\System32\DriverStore\FileRepository\nv_dispi.inf_amd64_a494df49ba2f9f36\nvldumdx.dll
0x00007ff9e8280000 - 0x00007ff9e8292000 	C:\WINDOWS\SYSTEM32\msasn1.dll
0x00007ff9e1590000 - 0x00007ff9e15c1000 	C:\WINDOWS\SYSTEM32\cryptnet.dll
0x00007ff9e8a00000 - 0x00007ff9e8b5f000 	C:\WINDOWS\System32\CRYPT32.dll
0x00007ff9e8060000 - 0x00007ff9e806c000 	C:\WINDOWS\SYSTEM32\cryptbase.dll
0x00007ff9e8b60000 - 0x00007ff9e8bc0000 	C:\WINDOWS\System32\WINTRUST.DLL
0x00007ff9e90e0000 - 0x00007ff9e90fd000 	C:\WINDOWS\System32\imagehlp.dll
0x00007ff9e8040000 - 0x00007ff9e8058000 	C:\WINDOWS\SYSTEM32\CRYPTSP.dll
0x00007ff9e77a0000 - 0x00007ff9e77d4000 	C:\WINDOWS\system32\rsaenh.dll
0x00007ff9e8770000 - 0x00007ff9e8797000 	C:\WINDOWS\System32\bcrypt.dll
0x00007ff95fad0000 - 0x00007ff961288000 	C:\WINDOWS\System32\DriverStore\FileRepository\nv_dispi.inf_amd64_a494df49ba2f9f36\nvd3dumx.dll
0x00007ff9b0a90000 - 0x00007ff9b0d4e000 	C:\WINDOWS\system32\nvspcap64.dll
0x00007ff9e73d0000 - 0x00007ff9e7403000 	C:\WINDOWS\SYSTEM32\ntmarta.dll
0x00007ff9e6fa0000 - 0x00007ff9e6fc3000 	C:\WINDOWS\SYSTEM32\gpapi.dll
0x00007ff9d41f0000 - 0x00007ff9d422b000 	C:\WINDOWS\SYSTEM32\dxcore.dll
0x00007ff9e87a0000 - 0x00007ff9e87ee000 	C:\WINDOWS\System32\cfgmgr32.dll
0x00007ff9e8590000 - 0x00007ff9e85be000 	C:\WINDOWS\SYSTEM32\USERENV.dll
0x00007ff9e7b10000 - 0x00007ff9e7b4b000 	C:\WINDOWS\SYSTEM32\IPHLPAPI.DLL
0x00007ff9e9560000 - 0x00007ff9e9568000 	C:\WINDOWS\System32\NSI.dll
0x00007ff9e2570000 - 0x00007ff9e2587000 	C:\WINDOWS\SYSTEM32\dhcpcsvc6.DLL
0x00007ff9e2520000 - 0x00007ff9e253d000 	C:\WINDOWS\SYSTEM32\dhcpcsvc.DLL
0x00007ff9e7b50000 - 0x00007ff9e7c1c000 	C:\WINDOWS\SYSTEM32\DNSAPI.dll
0x00007ff99f060000 - 0x00007ff99f066000 	C:\Users\artur\AppData\Local\Temp\flatlaf.temp\flatlaf-windows-x86_64-14918766152040183984.dll
0x00007ff99dcf0000 - 0x00007ff99dcf7000 	C:\Users\artur\.p2\pool\plugins\org.eclipse.justj.openjdk.hotspot.jre.full.win32.x86_64_14.0.2.v20200815-0932\jre\bin\jawt.dll
0x00007ff9eacd0000 - 0x00007ff9ead79000 	C:\WINDOWS\System32\clbcatq.dll
0x00007ff9d6b60000 - 0x00007ff9d6d14000 	C:\WINDOWS\SYSTEM32\WindowsCodecs.dll
0x00007ff9bb4f0000 - 0x00007ff9bb52e000 	C:\WINDOWS\system32\dataexchange.dll
0x00007ff9e40b0000 - 0x00007ff9e4314000 	C:\WINDOWS\system32\d3d11.dll
0x00007ff9e5150000 - 0x00007ff9e5335000 	C:\WINDOWS\system32\dcomp.dll
0x00007ff9e6fd0000 - 0x00007ff9e70c3000 	C:\WINDOWS\system32\dxgi.dll
0x00007ff9e11a0000 - 0x00007ff9e13a1000 	C:\WINDOWS\system32\twinapi.appcore.dll
0x00007ff9bf7e0000 - 0x00007ff9bf8d9000 	C:\WINDOWS\SYSTEM32\textinputframework.dll
0x00007ff9e59a0000 - 0x00007ff9e5cfe000 	C:\WINDOWS\System32\CoreUIComponents.dll
0x00007ff9e5d00000 - 0x00007ff9e5df2000 	C:\WINDOWS\System32\CoreMessaging.dll
0x00007ff9e4f60000 - 0x00007ff9e50b4000 	C:\WINDOWS\SYSTEM32\wintypes.dll
0x00007ff9e0ce0000 - 0x00007ff9e0cea000 	C:\Windows\System32\rasadhlp.dll
0x00007ff9dfa60000 - 0x00007ff9dfadf000 	C:\WINDOWS\System32\fwpuclnt.dll

dbghelp: loaded successfully - version: 4.0.5 - missing functions: none
symbol engine: initialized successfully - sym options: 0x614 - pdb path: .;C:\Users\artur\.p2\pool\plugins\org.eclipse.justj.openjdk.hotspot.jre.full.win32.x86_64_14.0.2.v20200815-0932\jre\bin;C:\WINDOWS\SYSTEM32;C:\WINDOWS\WinSxS\amd64_microsoft.windows.common-controls_6595b64144ccf1df_6.0.19041.844_none_ca00b6081b84eb1d;C:\Users\artur\.p2\pool\plugins\org.eclipse.justj.openjdk.hotspot.jre.full.win32.x86_64_14.0.2.v20200815-0932\jre\bin\server;C:\WINDOWS\System32\DriverStore\FileRepository\nv_dispi.inf_amd64_a494df49ba2f9f36;C:\Users\artur\AppData\Local\Temp\flatlaf.temp

VM Arguments:
jvm_args: -Dfile.encoding=Cp1252 --module-path=D:\FIMESEM6\Diseño y Especificacion de Sistemas\DB\DyES_1\bin;D:\FIMESEM6\Diseño y Especificacion de Sistemas\DB\DyES_1\libs\mysql-connector-java-8.0.13.jar;D:\FIMESEM6\Diseño y Especificacion de Sistemas\DB\DyES_1\libs\flatlaf-intellij-themes-1.1.2.jar;D:\FIMESEM6\Diseño y Especificacion de Sistemas\DB\DyES_1\libs\flatlaf-1.1.2.jar -XX:+ShowCodeDetailsInExceptionMessages -Djdk.module.main=DyES_1 
java_command: DyES_1/Vistas.Pantalla_Inicio_Sesion
java_class_path (initial): <not set>
Launcher Type: SUN_STANDARD

[Global flags]
     intx CICompilerCount                          = 3                                         {product} {ergonomic}
     uint ConcGCThreads                            = 2                                         {product} {ergonomic}
     uint G1ConcRefinementThreads                  = 6                                         {product} {ergonomic}
   size_t G1HeapRegionSize                         = 1048576                                   {product} {ergonomic}
    uintx GCDrainStackTargetSize                   = 64                                        {product} {ergonomic}
   size_t InitialHeapSize                          = 268435456                                 {product} {ergonomic}
   size_t MarkStackSize                            = 4194304                                   {product} {ergonomic}
   size_t MaxHeapSize                              = 4278190080                                {product} {ergonomic}
   size_t MaxNewSize                               = 2566914048                                {product} {ergonomic}
   size_t MinHeapDeltaBytes                        = 1048576                                   {product} {ergonomic}
   size_t MinHeapSize                              = 8388608                                   {product} {ergonomic}
    uintx NonNMethodCodeHeapSize                   = 5832780                                {pd product} {ergonomic}
    uintx NonProfiledCodeHeapSize                  = 122912730                              {pd product} {ergonomic}
    uintx ProfiledCodeHeapSize                     = 122912730                              {pd product} {ergonomic}
    uintx ReservedCodeCacheSize                    = 251658240                              {pd product} {ergonomic}
     bool SegmentedCodeCache                       = true                                      {product} {ergonomic}
     bool ShowCodeDetailsInExceptionMessages       = true                                   {manageable} {command line}
   size_t SoftMaxHeapSize                          = 4278190080                             {manageable} {ergonomic}
     bool UseCompressedClassPointers               = true                                 {lp64_product} {ergonomic}
     bool UseCompressedOops                        = true                                 {lp64_product} {ergonomic}
     bool UseG1GC                                  = true                                      {product} {ergonomic}
     bool UseLargePagesIndividualAllocation        = false                                  {pd product} {ergonomic}

Logging:
Log output configuration:
 #0: stdout all=warning uptime,level,tags
 #1: stderr all=off uptime,level,tags

Environment Variables:
JAVA_HOME=C:\Program Files\AdoptOpenJDK\jdk-16.0.1.9-hotspot
PATH=C:/Users/artur/.p2/pool/plugins/org.eclipse.justj.openjdk.hotspot.jre.full.win32.x86_64_14.0.2.v20200815-0932/jre/bin/server;C:/Users/artur/.p2/pool/plugins/org.eclipse.justj.openjdk.hotspot.jre.full.win32.x86_64_14.0.2.v20200815-0932/jre/bin;C:\Ruby27-x64\bin;C:\Program Files\AdoptOpenJDK\jdk-16.0.1.9-hotspot\bin;C:\Program Files (x86)\Common Files\Oracle\Java\javapath;C:\FFmpeg\bin;C:\FFmpeg\bin;C:\Ruby27-x64\bin;C:\Program Files\AdoptOpenJDK\jdk-16.0.1.9-hotspot\bin;C:\Program Files (x86)\Common Files\Oracle\Java\javapath;C:\FFmpeg\bin;C:\FFmpeg\bin;C:\Ruby27-x64\bin;C:\Program Files\AdoptOpenJDK\jdk-16.0.1.9-hotspot\bin;C:\Program Files (x86)\Common Files\Oracle\Java\javapath;C:\FFmpeg\bin;C:\FFmpeg\bin;C:\WINDOWS\System32;C:\Users\artur\AppData\Local\Microsoft\WindowsApps;C:\Users\artur\AppData\Local\Programs\Microsoft VS Code\bin;C:\Users\artur\AppData\Roaming\npm;C:\FFmpeg;C:\Users\artur\AppData\Local\GitHubDesktop\bin;C:\Users\artur\AppData\Local\Microsoft\WindowsApps;C:\Program Files\mingw-w64\x86_64-8.1.0-posix-seh-rt_v6-rev0\mingw64\bin;C:\Program Files\mingw-w64\x86_64-8.1.0-posix-seh-rt_v6-rev0\mingw64\bin;C:\Program Files\NVIDIA Corporation\NVIDIA NvDLISR;C:\Program Files\nodejs\;C:\Program Files\dotnet\;C:\Users\artur\AppData\Local\Microsoft\WindowsApps;C:\Users\artur\AppData\Local\Programs\Microsoft VS Code\bin;C:\Users\artur\AppData\Roaming\npm;C:\FFmpeg;C:\Users\artur\AppData\Local\GitHubDesktop\bin;C:\Users\artur\AppData\Local\Microsoft\WindowsApps;C:\Program Files\mingw-w64\x86_64-8.1.0-posix-seh-rt_v6-rev0\mingw64\bin;C:\Program Files\mingw-w64\x86_64-8.1.0-posix-seh-rt_v6-rev0\mingw64\bin;C:\Program Files\NVIDIA Corporation\NVIDIA NvDLISR;C:\Program Files\nodejs\;C:\Program Files\dotnet\;C:\Users\artur\AppData\Local\Microsoft\WindowsApps;C:\Users\artur\AppData\Local\Programs\Microsoft VS Code\bin;C:\Users\artur\AppData\Roaming\npm;C:\FFmpeg;C:\Users\artur\AppData\Local\GitHubDesktop\bin;C:\Users\artur\AppData\Local\Microsoft\WindowsApps;C:\Pr
USERNAME=artur
OS=Windows_NT
PROCESSOR_IDENTIFIER=Intel64 Family 6 Model 158 Stepping 10, GenuineIntel



---------------  S Y S T E M  ---------------

OS: Windows 10 , 64 bit Build 19041 (10.0.19041.928)
OS uptime: 0 days 4:56 hours

CPU:total 6 (initial active 6) (6 cores per cpu, 1 threads per core) family 6 model 158 stepping 10, cmov, cx8, fxsr, mmx, sse, sse2, sse3, ssse3, sse4.1, sse4.2, popcnt, avx, avx2, aes, clmul, erms, 3dnowpref, lzcnt, tsc, tscinvbit, bmi1, bmi2, adx, fma

Memory: 4k page, system-wide physical 16315M (8018M free)
TotalPageFile size 23995M (AvailPageFile size 9639M)
current process WorkingSet (physical memory assigned to process): 144M, peak: 146M
current process commit charge ("private bytes"): 211M, peak: 408M

vm_info: OpenJDK 64-Bit Server VM (14.0.2+12-46) for windows-amd64 JRE (14.0.2+12-46), built on Jul  9 2020 00:31:16 by "mach5one" with MS VC++ 15.9 (VS2017)

END.
